<?xml version="1.0" encoding="UTF-8"?>
<testsuite xmlns:xsi="http://www.w3.org/2001/XMLSchema-instance" xsi:noNamespaceSchemaLocation="https://maven.apache.org/surefire/maven-surefire-plugin/xsd/surefire-test-report-3.0.xsd" version="3.0" name="com.faadi.examplespringbootmaven.ExampleSpringBootMavenApplicationTests" time="2.866" tests="1" errors="0" skipped="0" failures="0">
  <properties>
[...]
</properties>
  <testcase name="contextLoads" classname="com.faadi.examplespringbootmaven.ExampleSpringBootMavenApplicationTests" time="0.906">
    <system-out><![CDATA[19:58:03.622 [main] INFO org.springframework.test.context.support.AnnotationConfigContextLoaderUtils -- Could not detect default configuration classes for test class [com.faadi.examplespringbootmaven.ExampleSpringBootMavenApplicationTests]: ExampleSpringBootMavenApplicationTests does not declare any static, non-private, non-final, nested classes annotated with @Configuration.
19:58:03.735 [main] INFO org.springframework.boot.test.context.SpringBootTestContextBootstrapper -- Found @SpringBootConfiguration com.faadi.examplespringbootmaven.ExampleSpringBootMavenApplication for test class com.faadi.examplespringbootmaven.ExampleSpringBootMavenApplicationTests

  .   ____          _            __ _ _
 /\\ / ___'_ __ _ _(_)_ __  __ _ \ \ \ \
( ( )\___ | '_ | '_| | '_ \/ _` | \ \ \ \
 \\/  ___)| |_)| | | | | || (_| |  ) ) ) )
  '  |____| .__|_| |_|_| |_\__, | / / / /
 =========|_|==============|___/=/_/_/_/
 :: Spring Boot ::       (v3.2.0-SNAPSHOT)

2023-07-16T19:58:04.149+02:00  INFO 11844 --- [           main] e.ExampleSpringBootMavenApplicationTests : Starting ExampleSpringBootMavenApplicationTests using Java 17.0.6 with PID 11844 (started by locsupp in C:\Users\locsupp\fahad-workspace\example-spring-boot-maven)
2023-07-16T19:58:04.151+02:00  INFO 11844 --- [           main] e.ExampleSpringBootMavenApplicationTests : No active profile set, falling back to 1 default profile: "default"
2023-07-16T19:58:05.381+02:00  INFO 11844 --- [           main] e.ExampleSpringBootMavenApplicationTests : Started ExampleSpringBootMavenApplicationTests in 1.493 seconds (process running for 2.517)
]]></system-out>
  </testcase>
</testsuite>